<?xml version="1.0" encoding="UTF-8"?>
<!-- Generated by org.testng.reporters.JUnitReportReporter -->
<testsuite skipped="0" hostname="iball-PC" name="com.eSign.index.SignedForOneSigner_index" tests="1" failures="0" timestamp="23 Nov 2018 06:03:29 GMT" time="541.887" errors="0">
  <testcase name="SignedForOneSigner" time="541.887" classname="com.eSign.index.SignedForOneSigner_index"/>
</testsuite> <!-- com.eSign.index.SignedForOneSigner_index -->
